[debug] [2024-06-05T06:06:19.643Z] ----------------------------------------------------------------------
[debug] [2024-06-05T06:06:19.645Z] Command:       C:\Program Files\nodejs\node.exe C:\Users\Gigi\AppData\Roaming\npm\node_modules\firebase-tools\lib\bin\firebase.js init
[debug] [2024-06-05T06:06:19.645Z] CLI Version:   13.7.2
[debug] [2024-06-05T06:06:19.646Z] Platform:      win32
[debug] [2024-06-05T06:06:19.646Z] Node Version:  v20.11.0
[debug] [2024-06-05T06:06:19.646Z] Time:          Wed Jun 05 2024 08:06:19 GMT+0200 (Mitteleuropäische Sommerzeit)
[debug] [2024-06-05T06:06:19.646Z] ----------------------------------------------------------------------
[debug] 
[debug] [2024-06-05T06:06:19.712Z] > command requires scopes: ["email","openid","https://www.googleapis.com/auth/cloudplatformprojects.readonly","https://www.googleapis.com/auth/firebase","https://www.googleapis.com/auth/cloud-platform"]
[debug] [2024-06-05T06:06:19.712Z] > authorizing via signed-in user (noessie7@gmail.com)
[info] 
     ######## #### ########  ######## ########     ###     ######  ########
     ##        ##  ##     ## ##       ##     ##  ##   ##  ##       ##
     ######    ##  ########  ######   ########  #########  ######  ######
     ##        ##  ##    ##  ##       ##     ## ##     ##       ## ##
     ##       #### ##     ## ######## ########  ##     ##  ######  ########

You're about to initialize a Firebase project in this directory:

  C:\Webentwickler Projekte\firebase-recipes-webapp

Before we get started, keep in mind:

  * You are currently outside your home directory
  * You are initializing within an existing Firebase project directory

[info] 
=== Project Setup
[info] 
[info] First, let's associate this project directory with a Firebase project.
[info] You can create multiple project aliases by running firebase use --add, 
[info] but for now we'll just set up a default project.
[info] 
[debug] [2024-06-05T06:07:18.356Z] Using project from CLI flag: fir-recipes-95372
[debug] [2024-06-05T06:07:18.358Z] >>> [apiv2][query] GET https://firebase.googleapis.com/v1beta1/projects/fir-recipes-95372 [none]
[debug] [2024-06-05T06:07:18.713Z] <<< [apiv2][status] GET https://firebase.googleapis.com/v1beta1/projects/fir-recipes-95372 200
[debug] [2024-06-05T06:07:18.714Z] <<< [apiv2][body] GET https://firebase.googleapis.com/v1beta1/projects/fir-recipes-95372 {"projectId":"fir-recipes-95372","projectNumber":"838503669003","displayName":"firebase-recipes","name":"projects/fir-recipes-95372","resources":{"hostingSite":"fir-recipes-95372","storageBucket":"fir-recipes-95372.appspot.com","locationId":"us-central"},"state":"ACTIVE","etag":"1_98e1c578-e45e-4331-9767-e5781c2cd228"}
[info] i  Using project fir-recipes-95372 (firebase-recipes) 
[info] 
=== Functions Setup
[debug] [2024-06-05T06:07:18.718Z] > command requires scopes: ["email","openid","https://www.googleapis.com/auth/cloudplatformprojects.readonly","https://www.googleapis.com/auth/firebase","https://www.googleapis.com/auth/cloud-platform"]
[debug] [2024-06-05T06:07:18.718Z] > authorizing via signed-in user (noessie7@gmail.com)
[debug] [2024-06-05T06:07:18.718Z] [iam] checking project fir-recipes-95372 for permissions ["firebase.projects.get"]
[debug] [2024-06-05T06:07:18.719Z] >>> [apiv2][query] POST https://cloudresourcemanager.googleapis.com/v1/projects/fir-recipes-95372:testIamPermissions [none]
[debug] [2024-06-05T06:07:18.719Z] >>> [apiv2][(partial)header] POST https://cloudresourcemanager.googleapis.com/v1/projects/fir-recipes-95372:testIamPermissions x-goog-quota-user=projects/fir-recipes-95372
[debug] [2024-06-05T06:07:18.719Z] >>> [apiv2][body] POST https://cloudresourcemanager.googleapis.com/v1/projects/fir-recipes-95372:testIamPermissions {"permissions":["firebase.projects.get"]}
[debug] [2024-06-05T06:07:19.563Z] <<< [apiv2][status] POST https://cloudresourcemanager.googleapis.com/v1/projects/fir-recipes-95372:testIamPermissions 200
[debug] [2024-06-05T06:07:19.563Z] <<< [apiv2][body] POST https://cloudresourcemanager.googleapis.com/v1/projects/fir-recipes-95372:testIamPermissions {"permissions":["firebase.projects.get"]}
[debug] [2024-06-05T06:07:19.563Z] >>> [apiv2][query] GET https://serviceusage.googleapis.com/v1/projects/fir-recipes-95372/services/cloudfunctions.googleapis.com [none]
[debug] [2024-06-05T06:07:19.564Z] >>> [apiv2][(partial)header] GET https://serviceusage.googleapis.com/v1/projects/fir-recipes-95372/services/cloudfunctions.googleapis.com x-goog-quota-user=projects/fir-recipes-95372
[debug] [2024-06-05T06:07:19.564Z] >>> [apiv2][query] GET https://serviceusage.googleapis.com/v1/projects/fir-recipes-95372/services/runtimeconfig.googleapis.com [none]
[debug] [2024-06-05T06:07:19.564Z] >>> [apiv2][(partial)header] GET https://serviceusage.googleapis.com/v1/projects/fir-recipes-95372/services/runtimeconfig.googleapis.com x-goog-quota-user=projects/fir-recipes-95372
[debug] [2024-06-05T06:07:20.632Z] <<< [apiv2][status] GET https://serviceusage.googleapis.com/v1/projects/fir-recipes-95372/services/cloudfunctions.googleapis.com 200
[debug] [2024-06-05T06:07:20.632Z] <<< [apiv2][body] GET https://serviceusage.googleapis.com/v1/projects/fir-recipes-95372/services/cloudfunctions.googleapis.com [omitted]
[debug] [2024-06-05T06:07:20.651Z] <<< [apiv2][status] GET https://serviceusage.googleapis.com/v1/projects/fir-recipes-95372/services/runtimeconfig.googleapis.com 200
[debug] [2024-06-05T06:07:20.651Z] <<< [apiv2][body] GET https://serviceusage.googleapis.com/v1/projects/fir-recipes-95372/services/runtimeconfig.googleapis.com [omitted]
[info] 
Detected existing codebase(s): default

[info] 
Overwriting codebase default...

[info] +  Wrote functions/package.json 
[info] +  Wrote functions/index.js 
[info] +  Wrote functions/.gitignore 
[info] 
=== Hosting Setup
[debug] [2024-06-05T06:08:30.510Z] >>> [apiv2][query] GET https://firebase.googleapis.com/v1beta1/projects/fir-recipes-95372 [none]
[debug] [2024-06-05T06:08:30.833Z] <<< [apiv2][status] GET https://firebase.googleapis.com/v1beta1/projects/fir-recipes-95372 200
[debug] [2024-06-05T06:08:30.834Z] <<< [apiv2][body] GET https://firebase.googleapis.com/v1beta1/projects/fir-recipes-95372 {"projectId":"fir-recipes-95372","projectNumber":"838503669003","displayName":"firebase-recipes","name":"projects/fir-recipes-95372","resources":{"hostingSite":"fir-recipes-95372","storageBucket":"fir-recipes-95372.appspot.com","locationId":"us-central"},"state":"ACTIVE","etag":"1_98e1c578-e45e-4331-9767-e5781c2cd228"}
[info] 
[info] Your public directory is the folder (relative to your project directory) that
[info] will contain Hosting assets to be uploaded with firebase deploy. If you
[info] have a build process for your assets, use your build's output directory.
[info] 
[debug] [2024-06-05T06:09:12.478Z] >>> [apiv2][query] GET https://www.gstatic.com/firebasejs/releases.json [none]
[debug] [2024-06-05T06:09:12.591Z] <<< [apiv2][status] GET https://www.gstatic.com/firebasejs/releases.json 200
[debug] [2024-06-05T06:09:12.591Z] <<< [apiv2][body] GET https://www.gstatic.com/firebasejs/releases.json {"current":{"version":"10.12.2","browserURL":"https://www.gstatic.com/firebasejs/10.12.2/firebase.js","packageURL":"https://www.gstatic.com/firebasejs/10.12.2/firebase.tgz"},"live":{"version":"10.12","browserURL":"https://www.gstatic.com/firebasejs/live/10.12/firebase.js","packageURL":"https://www.gstatic.com/firebasejs/live/10.12/firebase.tgz"},"components":{"analytics":"https://www.gstatic.com/firebasejs/10.12.2/firebase-analytics.js","app":"https://www.gstatic.com/firebasejs/10.12.2/firebase-app.js","app-check":"https://www.gstatic.com/firebasejs/10.12.2/firebase-app-check.js","auth":"https://www.gstatic.com/firebasejs/10.12.2/firebase-auth.js","auth/cordova":"https://www.gstatic.com/firebasejs/10.12.2/firebase-auth/cordova.js","auth/web-extension":"https://www.gstatic.com/firebasejs/10.12.2/firebase-auth/web-extension.js","functions":"https://www.gstatic.com/firebasejs/10.12.2/firebase-functions.js","firestore":"https://www.gstatic.com/firebasejs/10.12.2/firebase-firestore.js","firestore/lite":"https://www.gstatic.com/firebasejs/10.12.2/firebase-firestore/lite.js","installations":"https://www.gstatic.com/firebasejs/10.12.2/firebase-installations.js","storage":"https://www.gstatic.com/firebasejs/10.12.2/firebase-storage.js","performance":"https://www.gstatic.com/firebasejs/10.12.2/firebase-performance.js","remote-config":"https://www.gstatic.com/firebasejs/10.12.2/firebase-remote-config.js","messaging":"https://www.gstatic.com/firebasejs/10.12.2/firebase-messaging.js","messaging/sw":"https://www.gstatic.com/firebasejs/10.12.2/firebase-messaging/sw.js","database":"https://www.gstatic.com/firebasejs/10.12.2/firebase-database.js","vertexai-preview":"https://www.gstatic.com/firebasejs/10.12.2/firebase-vertexai-preview.js","firestore.memory":"https://www.gstatic.com/firebasejs/10.12.2/firebase-firestore.memory.js"}}
[info] i  Skipping write of build/index.html 
[info] 
[info] i  Detected a .git folder at C:\Webentwickler Projekte\firebase-recipes-webapp 
[info] i  Authorizing with GitHub to upload your service account to a GitHub repository's secrets store. 
[info] 
[info] Visit this URL on this device to log in:
[info] https://github.com/login/oauth/authorize?client_id=89cf50f02ac6aaed3484&state=687711627&redirect_uri=http%3A%2F%2Flocalhost%3A9005&scope=read%3Auser%20repo%20public_repo
[info] 
[info] Waiting for authentication...
[debug] [2024-06-05T06:09:27.898Z] >>> [apiv2][query] POST https://github.com/login/oauth/access_token [none]
[debug] [2024-06-05T06:09:27.898Z] >>> [apiv2][body] POST https://github.com/login/oauth/access_token [stream]
[debug] [2024-06-05T06:09:28.139Z] <<< [apiv2][status] POST https://github.com/login/oauth/access_token 200
[debug] [2024-06-05T06:09:28.139Z] <<< [apiv2][body] POST https://github.com/login/oauth/access_token {"access_token":"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","token_type":"bearer","scope":"read:user,repo"}
[debug] [2024-06-05T06:09:28.147Z] >>> [apiv2][query] GET https://api.github.com/user [none]
[debug] [2024-06-05T06:09:28.440Z] <<< [apiv2][status] GET https://api.github.com/user 200
[debug] [2024-06-05T06:09:28.440Z] <<< [apiv2][body] GET https://api.github.com/user {"login":"noessie","id":63781653,"node_id":"MDQ6VXNlcjYzNzgxNjUz","avatar_url":"https://avatars.githubusercontent.com/u/63781653?v=4","gravatar_id":"","url":"https://api.github.com/users/noessie","html_url":"https://github.com/noessie","followers_url":"https://api.github.com/users/noessie/followers","following_url":"https://api.github.com/users/noessie/following{/other_user}","gists_url":"https://api.github.com/users/noessie/gists{/gist_id}","starred_url":"https://api.github.com/users/noessie/starred{/owner}{/repo}","subscriptions_url":"https://api.github.com/users/noessie/subscriptions","organizations_url":"https://api.github.com/users/noessie/orgs","repos_url":"https://api.github.com/users/noessie/repos","events_url":"https://api.github.com/users/noessie/events{/privacy}","received_events_url":"https://api.github.com/users/noessie/received_events","type":"User","site_admin":false,"name":null,"company":null,"blog":"","location":null,"email":null,"hireable":null,"bio":null,"twitter_username":null,"public_repos":2,"public_gists":0,"followers":0,"following":0,"created_at":"2020-04-16T09:05:29Z","updated_at":"2024-05-19T16:28:44Z","private_gists":0,"total_private_repos":4,"owned_private_repos":4,"disk_usage":2087,"collaborators":0,"two_factor_authentication":false,"plan":{"name":"free","space":976562499,"collaborators":0,"private_repos":10000}}
[info] 
[info] +  Success! Logged into GitHub as noessie 
[info] 
[debug] [2024-06-05T06:27:02.357Z] >>> [apiv2][query] GET https://api.github.com/repos/firebase-recipes-web-app/actions/secrets/public-key type=owner
[debug] [2024-06-05T06:27:02.562Z] <<< [apiv2][status] GET https://api.github.com/repos/firebase-recipes-web-app/actions/secrets/public-key 404
[debug] [2024-06-05T06:27:02.562Z] <<< [apiv2][body] GET https://api.github.com/repos/firebase-recipes-web-app/actions/secrets/public-key {"message":"Not Found","documentation_url":"https://docs.github.com/rest"}
[info] 
[info] 
[error] !  The provided authorization cannot be used with this repository. If this repository is in an organization, did you remember to grant access? 
[info] 
[info] i  Action required: Visit this URL to ensure access has been granted to the appropriate organization(s) for the Firebase CLI GitHub OAuth App: 
[info] https://github.com/settings/connections/applications/89cf50f02ac6aaed3484
[info] 
[debug] [2024-06-05T06:28:33.984Z] >>> [apiv2][query] GET https://api.github.com/repos/firebase-recipes-web-app/actions/secrets/public-key type=owner
[debug] [2024-06-05T06:28:34.228Z] <<< [apiv2][status] GET https://api.github.com/repos/firebase-recipes-web-app/actions/secrets/public-key 404
[debug] [2024-06-05T06:28:34.228Z] <<< [apiv2][body] GET https://api.github.com/repos/firebase-recipes-web-app/actions/secrets/public-key {"message":"Not Found","documentation_url":"https://docs.github.com/rest"}
[info] 
[info] 
[error] !  The provided authorization cannot be used with this repository. If this repository is in an organization, did you remember to grant access? 
[info] 
[info] i  Action required: Visit this URL to ensure access has been granted to the appropriate organization(s) for the Firebase CLI GitHub OAuth App: 
[info] https://github.com/settings/connections/applications/89cf50f02ac6aaed3484
[info] 
[debug] [2024-06-05T06:29:56.546Z] >>> [apiv2][query] GET https://api.github.com/repos/firebase-recipes-web-app       /actions/secrets/public-key type=owner
[debug] [2024-06-05T06:29:56.783Z] <<< [apiv2][status] GET https://api.github.com/repos/firebase-recipes-web-app       /actions/secrets/public-key 404
[debug] [2024-06-05T06:29:56.783Z] <<< [apiv2][body] GET https://api.github.com/repos/firebase-recipes-web-app       /actions/secrets/public-key {"message":"Not Found","documentation_url":"https://docs.github.com/rest"}
[info] 
[info] 
[error] !  The provided authorization cannot be used with this repository. If this repository is in an organization, did you remember to grant access? 
[info] 
[info] i  Action required: Visit this URL to ensure access has been granted to the appropriate organization(s) for the Firebase CLI GitHub OAuth App: 
[info] https://github.com/settings/connections/applications/89cf50f02ac6aaed3484
[info] 
[debug] [2024-06-05T06:30:51.726Z] >>> [apiv2][query] GET https://api.github.com/repos/      noessie/firebase-recipes-web-app/actions/secrets/public-key type=owner
[debug] [2024-06-05T06:30:51.952Z] <<< [apiv2][status] GET https://api.github.com/repos/      noessie/firebase-recipes-web-app/actions/secrets/public-key 404
[debug] [2024-06-05T06:30:51.952Z] <<< [apiv2][body] GET https://api.github.com/repos/      noessie/firebase-recipes-web-app/actions/secrets/public-key {"message":"Not Found","documentation_url":"https://docs.github.com/rest/actions/secrets#get-a-repository-public-key"}
[info] 
[info] 
[error] !  The provided authorization cannot be used with this repository. If this repository is in an organization, did you remember to grant access? 
[info] 
[info] i  Action required: Visit this URL to ensure access has been granted to the appropriate organization(s) for the Firebase CLI GitHub OAuth App: 
[info] https://github.com/settings/connections/applications/89cf50f02ac6aaed3484
[info] 
